{
  "D:\\Academics\\Aca Folders\\Semester 5\\2 Software Engineering Project\\Project\\frontend\\src\\components\\Navbar.js": {
    "path": "D:\\Academics\\Aca Folders\\Semester 5\\2 Software Engineering Project\\Project\\frontend\\src\\components\\Navbar.js",
    "statementMap": {
      "0": {
        "start": {
          "line": 20,
          "column": 12
        },
        "end": {
          "line": 20,
          "column": 24
        }
      },
      "1": {
        "start": {
          "line": 21,
          "column": 20
        },
        "end": {
          "line": 32,
          "column": 3
        }
      },
      "2": {
        "start": {
          "line": 22,
          "column": 4
        },
        "end": {
          "line": 31,
          "column": 13
        }
      },
      "3": {
        "start": {
          "line": 34,
          "column": 26
        },
        "end": {
          "line": 34,
          "column": 47
        }
      },
      "4": {
        "start": {
          "line": 35,
          "column": 23
        },
        "end": {
          "line": 35,
          "column": 43
        }
      },
      "5": {
        "start": {
          "line": 35,
          "column": 29
        },
        "end": {
          "line": 35,
          "column": 43
        }
      },
      "6": {
        "start": {
          "line": 37,
          "column": 41
        },
        "end": {
          "line": 37,
          "column": 55
        }
      },
      "7": {
        "start": {
          "line": 40,
          "column": 4
        },
        "end": {
          "line": 40,
          "column": 41
        }
      },
      "8": {
        "start": {
          "line": 41,
          "column": 4
        },
        "end": {
          "line": 41,
          "column": 35
        }
      },
      "9": {
        "start": {
          "line": 42,
          "column": 4
        },
        "end": {
          "line": 42,
          "column": 43
        }
      },
      "10": {
        "start": {
          "line": 43,
          "column": 4
        },
        "end": {
          "line": 47,
          "column": 6
        }
      },
      "11": {
        "start": {
          "line": 44,
          "column": 6
        },
        "end": {
          "line": 44,
          "column": 33
        }
      },
      "12": {
        "start": {
          "line": 46,
          "column": 6
        },
        "end": {
          "line": 46,
          "column": 32
        }
      },
      "13": {
        "start": {
          "line": 50,
          "column": 2
        },
        "end": {
          "line": 175,
          "column": 4
        }
      }
    },
    "fnMap": {
      "0": {
        "name": "Navbar",
        "decl": {
          "start": {
            "line": 19,
            "column": 9
          },
          "end": {
            "line": 19,
            "column": 15
          }
        },
        "loc": {
          "start": {
            "line": 19,
            "column": 23
          },
          "end": {
            "line": 176,
            "column": 1
          }
        },
        "line": 19
      },
      "1": {
        "name": "(anonymous_1)",
        "decl": {
          "start": {
            "line": 21,
            "column": 20
          },
          "end": {
            "line": 21,
            "column": 21
          }
        },
        "loc": {
          "start": {
            "line": 22,
            "column": 4
          },
          "end": {
            "line": 31,
            "column": 13
          }
        },
        "line": 22
      },
      "2": {
        "name": "(anonymous_2)",
        "decl": {
          "start": {
            "line": 35,
            "column": 23
          },
          "end": {
            "line": 35,
            "column": 24
          }
        },
        "loc": {
          "start": {
            "line": 35,
            "column": 29
          },
          "end": {
            "line": 35,
            "column": 43
          }
        },
        "line": 35
      },
      "3": {
        "name": "handleLogOut",
        "decl": {
          "start": {
            "line": 39,
            "column": 11
          },
          "end": {
            "line": 39,
            "column": 23
          }
        },
        "loc": {
          "start": {
            "line": 39,
            "column": 26
          },
          "end": {
            "line": 48,
            "column": 3
          }
        },
        "line": 39
      },
      "4": {
        "name": "(anonymous_4)",
        "decl": {
          "start": {
            "line": 43,
            "column": 51
          },
          "end": {
            "line": 43,
            "column": 52
          }
        },
        "loc": {
          "start": {
            "line": 43,
            "column": 65
          },
          "end": {
            "line": 47,
            "column": 5
          }
        },
        "line": 43
      }
    },
    "branchMap": {
      "0": {
        "loc": {
          "start": {
            "line": 28,
            "column": 13
          },
          "end": {
            "line": 28,
            "column": 59
          }
        },
        "type": "cond-expr",
        "locations": [
          {
            "start": {
              "line": 28,
              "column": 37
            },
            "end": {
              "line": 28,
              "column": 46
            }
          },
          {
            "start": {
              "line": 28,
              "column": 49
            },
            "end": {
              "line": 28,
              "column": 59
            }
          }
        ],
        "line": 28
      },
      "1": {
        "loc": {
          "start": {
            "line": 57,
            "column": 10
          },
          "end": {
            "line": 57,
            "column": 55
          }
        },
        "type": "cond-expr",
        "locations": [
          {
            "start": {
              "line": 57,
              "column": 34
            },
            "end": {
              "line": 57,
              "column": 43
            }
          },
          {
            "start": {
              "line": 57,
              "column": 46
            },
            "end": {
              "line": 57,
              "column": 55
            }
          }
        ],
        "line": 57
      },
      "2": {
        "loc": {
          "start": {
            "line": 88,
            "column": 25
          },
          "end": {
            "line": 88,
            "column": 48
          }
        },
        "type": "cond-expr",
        "locations": [
          {
            "start": {
              "line": 88,
              "column": 32
            },
            "end": {
              "line": 88,
              "column": 39
            }
          },
          {
            "start": {
              "line": 88,
              "column": 42
            },
            "end": {
              "line": 88,
              "column": 48
            }
          }
        ],
        "line": 88
      },
      "3": {
        "loc": {
          "start": {
            "line": 100,
            "column": 11
          },
          "end": {
            "line": 108,
            "column": 11
          }
        },
        "type": "cond-expr",
        "locations": [
          {
            "start": {
              "line": 101,
              "column": 12
            },
            "end": {
              "line": 103,
              "column": 19
            }
          },
          {
            "start": {
              "line": 105,
              "column": 12
            },
            "end": {
              "line": 107,
              "column": 19
            }
          }
        ],
        "line": 100
      },
      "4": {
        "loc": {
          "start": {
            "line": 111,
            "column": 11
          },
          "end": {
            "line": 119,
            "column": 11
          }
        },
        "type": "cond-expr",
        "locations": [
          {
            "start": {
              "line": 112,
              "column": 12
            },
            "end": {
              "line": 114,
              "column": 19
            }
          },
          {
            "start": {
              "line": 116,
              "column": 12
            },
            "end": {
              "line": 118,
              "column": 19
            }
          }
        ],
        "line": 111
      },
      "5": {
        "loc": {
          "start": {
            "line": 129,
            "column": 25
          },
          "end": {
            "line": 129,
            "column": 48
          }
        },
        "type": "cond-expr",
        "locations": [
          {
            "start": {
              "line": 129,
              "column": 32
            },
            "end": {
              "line": 129,
              "column": 39
            }
          },
          {
            "start": {
              "line": 129,
              "column": 42
            },
            "end": {
              "line": 129,
              "column": 48
            }
          }
        ],
        "line": 129
      },
      "6": {
        "loc": {
          "start": {
            "line": 135,
            "column": 16
          },
          "end": {
            "line": 135,
            "column": 66
          }
        },
        "type": "cond-expr",
        "locations": [
          {
            "start": {
              "line": 135,
              "column": 40
            },
            "end": {
              "line": 135,
              "column": 52
            }
          },
          {
            "start": {
              "line": 135,
              "column": 55
            },
            "end": {
              "line": 135,
              "column": 66
            }
          }
        ],
        "line": 135
      },
      "7": {
        "loc": {
          "start": {
            "line": 138,
            "column": 17
          },
          "end": {
            "line": 138,
            "column": 63
          }
        },
        "type": "cond-expr",
        "locations": [
          {
            "start": {
              "line": 138,
              "column": 41
            },
            "end": {
              "line": 138,
              "column": 50
            }
          },
          {
            "start": {
              "line": 138,
              "column": 53
            },
            "end": {
              "line": 138,
              "column": 63
            }
          }
        ],
        "line": 138
      },
      "8": {
        "loc": {
          "start": {
            "line": 142,
            "column": 11
          },
          "end": {
            "line": 163,
            "column": 11
          }
        },
        "type": "cond-expr",
        "locations": [
          {
            "start": {
              "line": 143,
              "column": 12
            },
            "end": {
              "line": 152,
              "column": 21
            }
          },
          {
            "start": {
              "line": 154,
              "column": 12
            },
            "end": {
              "line": 162,
              "column": 21
            }
          }
        ],
        "line": 142
      },
      "9": {
        "loc": {
          "start": {
            "line": 148,
            "column": 21
          },
          "end": {
            "line": 148,
            "column": 67
          }
        },
        "type": "cond-expr",
        "locations": [
          {
            "start": {
              "line": 148,
              "column": 45
            },
            "end": {
              "line": 148,
              "column": 54
            }
          },
          {
            "start": {
              "line": 148,
              "column": 57
            },
            "end": {
              "line": 148,
              "column": 67
            }
          }
        ],
        "line": 148
      },
      "10": {
        "loc": {
          "start": {
            "line": 159,
            "column": 21
          },
          "end": {
            "line": 159,
            "column": 67
          }
        },
        "type": "cond-expr",
        "locations": [
          {
            "start": {
              "line": 159,
              "column": 45
            },
            "end": {
              "line": 159,
              "column": 54
            }
          },
          {
            "start": {
              "line": 159,
              "column": 57
            },
            "end": {
              "line": 159,
              "column": 67
            }
          }
        ],
        "line": 159
      },
      "11": {
        "loc": {
          "start": {
            "line": 172,
            "column": 12
          },
          "end": {
            "line": 172,
            "column": 54
          }
        },
        "type": "cond-expr",
        "locations": [
          {
            "start": {
              "line": 172,
              "column": 36
            },
            "end": {
              "line": 172,
              "column": 45
            }
          },
          {
            "start": {
              "line": 172,
              "column": 48
            },
            "end": {
              "line": 172,
              "column": 54
            }
          }
        ],
        "line": 172
      }
    },
    "s": {
      "0": 120,
      "1": 120,
      "2": 480,
      "3": 120,
      "4": 120,
      "5": 0,
      "6": 120,
      "7": 1,
      "8": 1,
      "9": 1,
      "10": 1,
      "11": 0,
      "12": 0,
      "13": 120
    },
    "f": {
      "0": 120,
      "1": 480,
      "2": 0,
      "3": 1,
      "4": 0
    },
    "b": {
      "0": [
        464,
        16
      ],
      "1": [
        116,
        4
      ],
      "2": [
        0,
        120
      ],
      "3": [
        4,
        116
      ],
      "4": [
        4,
        116
      ],
      "5": [
        0,
        120
      ],
      "6": [
        116,
        4
      ],
      "7": [
        116,
        4
      ],
      "8": [
        22,
        98
      ],
      "9": [
        22,
        0
      ],
      "10": [
        94,
        4
      ],
      "11": [
        116,
        4
      ]
    },
    "_coverageSchema": "1a1c01bbd47fc00a2c39e90264f33305004495a9",
    "hash": "508fbc3e3cc7e261161af316fb73811e33a4d3ba"
  },
  "D:\\Academics\\Aca Folders\\Semester 5\\2 Software Engineering Project\\Project\\frontend\\src\\components\\SideNav\\SideBarData.js": {
    "path": "D:\\Academics\\Aca Folders\\Semester 5\\2 Software Engineering Project\\Project\\frontend\\src\\components\\SideNav\\SideBarData.js",
    "statementMap": {
      "0": {
        "start": {
          "line": 6,
          "column": 27
        },
        "end": {
          "line": 19,
          "column": 1
        }
      }
    },
    "fnMap": {},
    "branchMap": {},
    "s": {
      "0": 26
    },
    "f": {},
    "b": {},
    "_coverageSchema": "1a1c01bbd47fc00a2c39e90264f33305004495a9",
    "hash": "3d75b0cd2c7cb2d147d2e8eb843dce6883651aef"
  },
  "D:\\Academics\\Aca Folders\\Semester 5\\2 Software Engineering Project\\Project\\frontend\\src\\components\\SideNav\\SideNav.js": {
    "path": "D:\\Academics\\Aca Folders\\Semester 5\\2 Software Engineering Project\\Project\\frontend\\src\\components\\SideNav\\SideNav.js",
    "statementMap": {
      "0": {
        "start": {
          "line": 11,
          "column": 34
        },
        "end": {
          "line": 11,
          "column": 49
        }
      },
      "1": {
        "start": {
          "line": 13,
          "column": 24
        },
        "end": {
          "line": 13,
          "column": 50
        }
      },
      "2": {
        "start": {
          "line": 13,
          "column": 30
        },
        "end": {
          "line": 13,
          "column": 50
        }
      },
      "3": {
        "start": {
          "line": 15,
          "column": 4
        },
        "end": {
          "line": 44,
          "column": 5
        }
      },
      "4": {
        "start": {
          "line": 31,
          "column": 20
        },
        "end": {
          "line": 38,
          "column": 21
        }
      }
    },
    "fnMap": {
      "0": {
        "name": "SideNav",
        "decl": {
          "start": {
            "line": 9,
            "column": 9
          },
          "end": {
            "line": 9,
            "column": 16
          }
        },
        "loc": {
          "start": {
            "line": 9,
            "column": 19
          },
          "end": {
            "line": 45,
            "column": 1
          }
        },
        "line": 9
      },
      "1": {
        "name": "(anonymous_1)",
        "decl": {
          "start": {
            "line": 13,
            "column": 24
          },
          "end": {
            "line": 13,
            "column": 25
          }
        },
        "loc": {
          "start": {
            "line": 13,
            "column": 30
          },
          "end": {
            "line": 13,
            "column": 50
          }
        },
        "line": 13
      },
      "2": {
        "name": "(anonymous_2)",
        "decl": {
          "start": {
            "line": 30,
            "column": 33
          },
          "end": {
            "line": 30,
            "column": 34
          }
        },
        "loc": {
          "start": {
            "line": 30,
            "column": 51
          },
          "end": {
            "line": 39,
            "column": 17
          }
        },
        "line": 30
      }
    },
    "branchMap": {
      "0": {
        "loc": {
          "start": {
            "line": 23,
            "column": 24
          },
          "end": {
            "line": 23,
            "column": 74
          }
        },
        "type": "cond-expr",
        "locations": [
          {
            "start": {
              "line": 23,
              "column": 34
            },
            "end": {
              "line": 23,
              "column": 56
            }
          },
          {
            "start": {
              "line": 23,
              "column": 59
            },
            "end": {
              "line": 23,
              "column": 74
            }
          }
        ],
        "line": 23
      }
    },
    "s": {
      "0": 0,
      "1": 0,
      "2": 0,
      "3": 0,
      "4": 0
    },
    "f": {
      "0": 0,
      "1": 0,
      "2": 0
    },
    "b": {
      "0": [
        0,
        0
      ]
    },
    "_coverageSchema": "1a1c01bbd47fc00a2c39e90264f33305004495a9",
    "hash": "941c1b0b31db7fa1d7bdc0307bf4d0dcf4b1d9fd"
  },
  "D:\\Academics\\Aca Folders\\Semester 5\\2 Software Engineering Project\\Project\\frontend\\src\\globalStyles.js": {
    "path": "D:\\Academics\\Aca Folders\\Semester 5\\2 Software Engineering Project\\Project\\frontend\\src\\globalStyles.js",
    "statementMap": {
      "0": {
        "start": {
          "line": 3,
          "column": 20
        },
        "end": {
          "line": 10,
          "column": 1
        }
      },
      "1": {
        "start": {
          "line": 12,
          "column": 25
        },
        "end": {
          "line": 25,
          "column": 1
        }
      },
      "2": {
        "start": {
          "line": 27,
          "column": 22
        },
        "end": {
          "line": 47,
          "column": 1
        }
      },
      "3": {
        "start": {
          "line": 29,
          "column": 34
        },
        "end": {
          "line": 29,
          "column": 65
        }
      },
      "4": {
        "start": {
          "line": 31,
          "column": 27
        },
        "end": {
          "line": 31,
          "column": 58
        }
      },
      "5": {
        "start": {
          "line": 33,
          "column": 33
        },
        "end": {
          "line": 33,
          "column": 58
        }
      },
      "6": {
        "start": {
          "line": 41,
          "column": 42
        },
        "end": {
          "line": 41,
          "column": 73
        }
      }
    },
    "fnMap": {
      "0": {
        "name": "(anonymous_0)",
        "decl": {
          "start": {
            "line": 29,
            "column": 16
          },
          "end": {
            "line": 29,
            "column": 17
          }
        },
        "loc": {
          "start": {
            "line": 29,
            "column": 34
          },
          "end": {
            "line": 29,
            "column": 65
          }
        },
        "line": 29
      },
      "1": {
        "name": "(anonymous_1)",
        "decl": {
          "start": {
            "line": 31,
            "column": 13
          },
          "end": {
            "line": 31,
            "column": 14
          }
        },
        "loc": {
          "start": {
            "line": 31,
            "column": 27
          },
          "end": {
            "line": 31,
            "column": 58
          }
        },
        "line": 31
      },
      "2": {
        "name": "(anonymous_2)",
        "decl": {
          "start": {
            "line": 33,
            "column": 15
          },
          "end": {
            "line": 33,
            "column": 16
          }
        },
        "loc": {
          "start": {
            "line": 33,
            "column": 33
          },
          "end": {
            "line": 33,
            "column": 58
          }
        },
        "line": 33
      },
      "3": {
        "name": "(anonymous_3)",
        "decl": {
          "start": {
            "line": 41,
            "column": 24
          },
          "end": {
            "line": 41,
            "column": 25
          }
        },
        "loc": {
          "start": {
            "line": 41,
            "column": 42
          },
          "end": {
            "line": 41,
            "column": 73
          }
        },
        "line": 41
      }
    },
    "branchMap": {
      "0": {
        "loc": {
          "start": {
            "line": 29,
            "column": 34
          },
          "end": {
            "line": 29,
            "column": 65
          }
        },
        "type": "cond-expr",
        "locations": [
          {
            "start": {
              "line": 29,
              "column": 44
            },
            "end": {
              "line": 29,
              "column": 53
            }
          },
          {
            "start": {
              "line": 29,
              "column": 56
            },
            "end": {
              "line": 29,
              "column": 65
            }
          }
        ],
        "line": 29
      },
      "1": {
        "loc": {
          "start": {
            "line": 31,
            "column": 27
          },
          "end": {
            "line": 31,
            "column": 58
          }
        },
        "type": "cond-expr",
        "locations": [
          {
            "start": {
              "line": 31,
              "column": 33
            },
            "end": {
              "line": 31,
              "column": 44
            }
          },
          {
            "start": {
              "line": 31,
              "column": 47
            },
            "end": {
              "line": 31,
              "column": 58
            }
          }
        ],
        "line": 31
      },
      "2": {
        "loc": {
          "start": {
            "line": 33,
            "column": 33
          },
          "end": {
            "line": 33,
            "column": 58
          }
        },
        "type": "cond-expr",
        "locations": [
          {
            "start": {
              "line": 33,
              "column": 43
            },
            "end": {
              "line": 33,
              "column": 49
            }
          },
          {
            "start": {
              "line": 33,
              "column": 52
            },
            "end": {
              "line": 33,
              "column": 58
            }
          }
        ],
        "line": 33
      },
      "3": {
        "loc": {
          "start": {
            "line": 41,
            "column": 42
          },
          "end": {
            "line": 41,
            "column": 73
          }
        },
        "type": "cond-expr",
        "locations": [
          {
            "start": {
              "line": 41,
              "column": 52
            },
            "end": {
              "line": 41,
              "column": 61
            }
          },
          {
            "start": {
              "line": 41,
              "column": 64
            },
            "end": {
              "line": 41,
              "column": 73
            }
          }
        ],
        "line": 41
      }
    },
    "s": {
      "0": 26,
      "1": 26,
      "2": 26,
      "3": 0,
      "4": 0,
      "5": 0,
      "6": 0
    },
    "f": {
      "0": 0,
      "1": 0,
      "2": 0,
      "3": 0
    },
    "b": {
      "0": [
        0,
        0
      ],
      "1": [
        0,
        0
      ],
      "2": [
        0,
        0
      ],
      "3": [
        0,
        0
      ]
    },
    "_coverageSchema": "1a1c01bbd47fc00a2c39e90264f33305004495a9",
    "hash": "b433fc5c1738e8612dce71fad3e418b0cce75fad"
  },
  "D:\\Academics\\Aca Folders\\Semester 5\\2 Software Engineering Project\\Project\\frontend\\src\\components\\Footer\\BottomFooter.elements.js": {
    "path": "D:\\Academics\\Aca Folders\\Semester 5\\2 Software Engineering Project\\Project\\frontend\\src\\components\\Footer\\BottomFooter.elements.js",
    "statementMap": {
      "0": {
        "start": {
          "line": 5,
          "column": 31
        },
        "end": {
          "line": 12,
          "column": 1
        }
      },
      "1": {
        "start": {
          "line": 14,
          "column": 27
        },
        "end": {
          "line": 17,
          "column": 1
        }
      },
      "2": {
        "start": {
          "line": 19,
          "column": 31
        },
        "end": {
          "line": 30,
          "column": 1
        }
      },
      "3": {
        "start": {
          "line": 32,
          "column": 26
        },
        "end": {
          "line": 41,
          "column": 1
        }
      },
      "4": {
        "start": {
          "line": 43,
          "column": 26
        },
        "end": {
          "line": 45,
          "column": 1
        }
      },
      "5": {
        "start": {
          "line": 47,
          "column": 29
        },
        "end": {
          "line": 50,
          "column": 1
        }
      },
      "6": {
        "start": {
          "line": 52,
          "column": 27
        },
        "end": {
          "line": 57,
          "column": 1
        }
      },
      "7": {
        "start": {
          "line": 59,
          "column": 30
        },
        "end": {
          "line": 62,
          "column": 1
        }
      }
    },
    "fnMap": {},
    "branchMap": {},
    "s": {
      "0": 26,
      "1": 26,
      "2": 26,
      "3": 26,
      "4": 26,
      "5": 26,
      "6": 26,
      "7": 26
    },
    "f": {},
    "b": {},
    "_coverageSchema": "1a1c01bbd47fc00a2c39e90264f33305004495a9",
    "hash": "b0302d41baf6c84123ef99de7743801dc64ffdd3"
  },
  "D:\\Academics\\Aca Folders\\Semester 5\\2 Software Engineering Project\\Project\\frontend\\src\\components\\Footer\\BottomFooter.js": {
    "path": "D:\\Academics\\Aca Folders\\Semester 5\\2 Software Engineering Project\\Project\\frontend\\src\\components\\Footer\\BottomFooter.js",
    "statementMap": {
      "0": {
        "start": {
          "line": 23,
          "column": 2
        },
        "end": {
          "line": 59,
          "column": 4
        }
      }
    },
    "fnMap": {
      "0": {
        "name": "BottomFooter",
        "decl": {
          "start": {
            "line": 22,
            "column": 9
          },
          "end": {
            "line": 22,
            "column": 21
          }
        },
        "loc": {
          "start": {
            "line": 22,
            "column": 29
          },
          "end": {
            "line": 60,
            "column": 1
          }
        },
        "line": 22
      }
    },
    "branchMap": {},
    "s": {
      "0": 110
    },
    "f": {
      "0": 110
    },
    "b": {},
    "_coverageSchema": "1a1c01bbd47fc00a2c39e90264f33305004495a9",
    "hash": "ee7a1425ff03fe6afa17ee88eff3eb632e9c3a0a"
  },
  "D:\\Academics\\Aca Folders\\Semester 5\\2 Software Engineering Project\\Project\\frontend\\src\\components\\Footer\\BottomItems.js": {
    "path": "D:\\Academics\\Aca Folders\\Semester 5\\2 Software Engineering Project\\Project\\frontend\\src\\components\\Footer\\BottomItems.js",
    "statementMap": {
      "0": {
        "start": {
          "line": 13,
          "column": 41
        },
        "end": {
          "line": 13,
          "column": 55
        }
      },
      "1": {
        "start": {
          "line": 15,
          "column": 2
        },
        "end": {
          "line": 97,
          "column": 4
        }
      }
    },
    "fnMap": {
      "0": {
        "name": "BottomItems",
        "decl": {
          "start": {
            "line": 11,
            "column": 24
          },
          "end": {
            "line": 11,
            "column": 35
          }
        },
        "loc": {
          "start": {
            "line": 11,
            "column": 38
          },
          "end": {
            "line": 98,
            "column": 1
          }
        },
        "line": 11
      }
    },
    "branchMap": {
      "0": {
        "loc": {
          "start": {
            "line": 21,
            "column": 12
          },
          "end": {
            "line": 21,
            "column": 55
          }
        },
        "type": "cond-expr",
        "locations": [
          {
            "start": {
              "line": 21,
              "column": 36
            },
            "end": {
              "line": 21,
              "column": 43
            }
          },
          {
            "start": {
              "line": 21,
              "column": 46
            },
            "end": {
              "line": 21,
              "column": 55
            }
          }
        ],
        "line": 21
      },
      "1": {
        "loc": {
          "start": {
            "line": 40,
            "column": 12
          },
          "end": {
            "line": 40,
            "column": 55
          }
        },
        "type": "cond-expr",
        "locations": [
          {
            "start": {
              "line": 40,
              "column": 36
            },
            "end": {
              "line": 40,
              "column": 43
            }
          },
          {
            "start": {
              "line": 40,
              "column": 46
            },
            "end": {
              "line": 40,
              "column": 55
            }
          }
        ],
        "line": 40
      },
      "2": {
        "loc": {
          "start": {
            "line": 59,
            "column": 12
          },
          "end": {
            "line": 59,
            "column": 55
          }
        },
        "type": "cond-expr",
        "locations": [
          {
            "start": {
              "line": 59,
              "column": 36
            },
            "end": {
              "line": 59,
              "column": 43
            }
          },
          {
            "start": {
              "line": 59,
              "column": 46
            },
            "end": {
              "line": 59,
              "column": 55
            }
          }
        ],
        "line": 59
      },
      "3": {
        "loc": {
          "start": {
            "line": 78,
            "column": 12
          },
          "end": {
            "line": 78,
            "column": 55
          }
        },
        "type": "cond-expr",
        "locations": [
          {
            "start": {
              "line": 78,
              "column": 36
            },
            "end": {
              "line": 78,
              "column": 43
            }
          },
          {
            "start": {
              "line": 78,
              "column": 46
            },
            "end": {
              "line": 78,
              "column": 55
            }
          }
        ],
        "line": 78
      }
    },
    "s": {
      "0": 0,
      "1": 0
    },
    "f": {
      "0": 0
    },
    "b": {
      "0": [
        0,
        0
      ],
      "1": [
        0,
        0
      ],
      "2": [
        0,
        0
      ],
      "3": [
        0,
        0
      ]
    },
    "_coverageSchema": "1a1c01bbd47fc00a2c39e90264f33305004495a9",
    "hash": "bb6505cc5db4aef127d88b19c224e967b791dc78"
  },
  "D:\\Academics\\Aca Folders\\Semester 5\\2 Software Engineering Project\\Project\\frontend\\src\\components\\Footer\\Footer.elements.js": {
    "path": "D:\\Academics\\Aca Folders\\Semester 5\\2 Software Engineering Project\\Project\\frontend\\src\\components\\Footer\\Footer.elements.js",
    "statementMap": {
      "0": {
        "start": {
          "line": 5,
          "column": 31
        },
        "end": {
          "line": 12,
          "column": 1
        }
      },
      "1": {
        "start": {
          "line": 14,
          "column": 34
        },
        "end": {
          "line": 23,
          "column": 1
        }
      },
      "2": {
        "start": {
          "line": 25,
          "column": 32
        },
        "end": {
          "line": 31,
          "column": 1
        }
      },
      "3": {
        "start": {
          "line": 33,
          "column": 29
        },
        "end": {
          "line": 37,
          "column": 1
        }
      },
      "4": {
        "start": {
          "line": 39,
          "column": 20
        },
        "end": {
          "line": 48,
          "column": 1
        }
      },
      "5": {
        "start": {
          "line": 50,
          "column": 25
        },
        "end": {
          "line": 67,
          "column": 1
        }
      },
      "6": {
        "start": {
          "line": 69,
          "column": 36
        },
        "end": {
          "line": 79,
          "column": 1
        }
      },
      "7": {
        "start": {
          "line": 81,
          "column": 34
        },
        "end": {
          "line": 87,
          "column": 1
        }
      },
      "8": {
        "start": {
          "line": 89,
          "column": 31
        },
        "end": {
          "line": 104,
          "column": 1
        }
      },
      "9": {
        "start": {
          "line": 106,
          "column": 31
        },
        "end": {
          "line": 110,
          "column": 1
        }
      },
      "10": {
        "start": {
          "line": 112,
          "column": 26
        },
        "end": {
          "line": 121,
          "column": 1
        }
      }
    },
    "fnMap": {},
    "branchMap": {},
    "s": {
      "0": 26,
      "1": 26,
      "2": 26,
      "3": 26,
      "4": 26,
      "5": 26,
      "6": 26,
      "7": 26,
      "8": 26,
      "9": 26,
      "10": 26
    },
    "f": {},
    "b": {},
    "_coverageSchema": "1a1c01bbd47fc00a2c39e90264f33305004495a9",
    "hash": "f0eb95c72e8fe709d90ebfb08e2d22639f8c7b4f"
  },
  "D:\\Academics\\Aca Folders\\Semester 5\\2 Software Engineering Project\\Project\\frontend\\src\\components\\Footer\\Footer.js": {
    "path": "D:\\Academics\\Aca Folders\\Semester 5\\2 Software Engineering Project\\Project\\frontend\\src\\components\\Footer\\Footer.js",
    "statementMap": {
      "0": {
        "start": {
          "line": 27,
          "column": 2
        },
        "end": {
          "line": 77,
          "column": 4
        }
      }
    },
    "fnMap": {
      "0": {
        "name": "Footer",
        "decl": {
          "start": {
            "line": 26,
            "column": 9
          },
          "end": {
            "line": 26,
            "column": 15
          }
        },
        "loc": {
          "start": {
            "line": 26,
            "column": 18
          },
          "end": {
            "line": 78,
            "column": 1
          }
        },
        "line": 26
      }
    },
    "branchMap": {},
    "s": {
      "0": 50
    },
    "f": {
      "0": 50
    },
    "b": {},
    "_coverageSchema": "1a1c01bbd47fc00a2c39e90264f33305004495a9",
    "hash": "1b7e2b187f0995bcb001ccfc617c4723c6289a5b"
  },
  "D:\\Academics\\Aca Folders\\Semester 5\\2 Software Engineering Project\\Project\\frontend\\src\\components\\SignIn\\validateInfo.js": {
    "path": "D:\\Academics\\Aca Folders\\Semester 5\\2 Software Engineering Project\\Project\\frontend\\src\\components\\SignIn\\validateInfo.js",
    "statementMap": {
      "0": {
        "start": {
          "line": 2,
          "column": 15
        },
        "end": {
          "line": 2,
          "column": 17
        }
      },
      "1": {
        "start": {
          "line": 4,
          "column": 2
        },
        "end": {
          "line": 8,
          "column": 3
        }
      },
      "2": {
        "start": {
          "line": 5,
          "column": 4
        },
        "end": {
          "line": 5,
          "column": 36
        }
      },
      "3": {
        "start": {
          "line": 6,
          "column": 9
        },
        "end": {
          "line": 8,
          "column": 3
        }
      },
      "4": {
        "start": {
          "line": 7,
          "column": 4
        },
        "end": {
          "line": 7,
          "column": 46
        }
      },
      "5": {
        "start": {
          "line": 10,
          "column": 2
        },
        "end": {
          "line": 14,
          "column": 3
        }
      },
      "6": {
        "start": {
          "line": 11,
          "column": 4
        },
        "end": {
          "line": 11,
          "column": 45
        }
      },
      "7": {
        "start": {
          "line": 12,
          "column": 9
        },
        "end": {
          "line": 14,
          "column": 3
        }
      },
      "8": {
        "start": {
          "line": 13,
          "column": 4
        },
        "end": {
          "line": 13,
          "column": 66
        }
      },
      "9": {
        "start": {
          "line": 16,
          "column": 2
        },
        "end": {
          "line": 16,
          "column": 16
        }
      }
    },
    "fnMap": {
      "0": {
        "name": "validateInfo",
        "decl": {
          "start": {
            "line": 1,
            "column": 24
          },
          "end": {
            "line": 1,
            "column": 36
          }
        },
        "loc": {
          "start": {
            "line": 1,
            "column": 45
          },
          "end": {
            "line": 17,
            "column": 1
          }
        },
        "line": 1
      }
    },
    "branchMap": {
      "0": {
        "loc": {
          "start": {
            "line": 4,
            "column": 2
          },
          "end": {
            "line": 8,
            "column": 3
          }
        },
        "type": "if",
        "locations": [
          {
            "start": {
              "line": 4,
              "column": 2
            },
            "end": {
              "line": 8,
              "column": 3
            }
          },
          {
            "start": {
              "line": 4,
              "column": 2
            },
            "end": {
              "line": 8,
              "column": 3
            }
          }
        ],
        "line": 4
      },
      "1": {
        "loc": {
          "start": {
            "line": 6,
            "column": 9
          },
          "end": {
            "line": 8,
            "column": 3
          }
        },
        "type": "if",
        "locations": [
          {
            "start": {
              "line": 6,
              "column": 9
            },
            "end": {
              "line": 8,
              "column": 3
            }
          },
          {
            "start": {
              "line": 6,
              "column": 9
            },
            "end": {
              "line": 8,
              "column": 3
            }
          }
        ],
        "line": 6
      },
      "2": {
        "loc": {
          "start": {
            "line": 10,
            "column": 2
          },
          "end": {
            "line": 14,
            "column": 3
          }
        },
        "type": "if",
        "locations": [
          {
            "start": {
              "line": 10,
              "column": 2
            },
            "end": {
              "line": 14,
              "column": 3
            }
          },
          {
            "start": {
              "line": 10,
              "column": 2
            },
            "end": {
              "line": 14,
              "column": 3
            }
          }
        ],
        "line": 10
      },
      "3": {
        "loc": {
          "start": {
            "line": 12,
            "column": 9
          },
          "end": {
            "line": 14,
            "column": 3
          }
        },
        "type": "if",
        "locations": [
          {
            "start": {
              "line": 12,
              "column": 9
            },
            "end": {
              "line": 14,
              "column": 3
            }
          },
          {
            "start": {
              "line": 12,
              "column": 9
            },
            "end": {
              "line": 14,
              "column": 3
            }
          }
        ],
        "line": 12
      }
    },
    "s": {
      "0": 12,
      "1": 12,
      "2": 0,
      "3": 12,
      "4": 0,
      "5": 12,
      "6": 0,
      "7": 12,
      "8": 0,
      "9": 12
    },
    "f": {
      "0": 12
    },
    "b": {
      "0": [
        0,
        12
      ],
      "1": [
        0,
        12
      ],
      "2": [
        0,
        12
      ],
      "3": [
        0,
        12
      ]
    },
    "_coverageSchema": "1a1c01bbd47fc00a2c39e90264f33305004495a9",
    "hash": "649a3e1b0d16e76bdc497a87582ffd5f021289cb"
  },
  "D:\\Academics\\Aca Folders\\Semester 5\\2 Software Engineering Project\\Project\\frontend\\src\\components\\SignIn\\useForm.js": {
    "path": "D:\\Academics\\Aca Folders\\Semester 5\\2 Software Engineering Project\\Project\\frontend\\src\\components\\SignIn\\useForm.js",
    "statementMap": {
      "0": {
        "start": {
          "line": 6,
          "column": 16
        },
        "end": {
          "line": 56,
          "column": 1
        }
      },
      "1": {
        "start": {
          "line": 8,
          "column": 30
        },
        "end": {
          "line": 11,
          "column": 4
        }
      },
      "2": {
        "start": {
          "line": 12,
          "column": 30
        },
        "end": {
          "line": 12,
          "column": 42
        }
      },
      "3": {
        "start": {
          "line": 13,
          "column": 42
        },
        "end": {
          "line": 13,
          "column": 57
        }
      },
      "4": {
        "start": {
          "line": 14,
          "column": 44
        },
        "end": {
          "line": 14,
          "column": 56
        }
      },
      "5": {
        "start": {
          "line": 16,
          "column": 16
        },
        "end": {
          "line": 16,
          "column": 28
        }
      },
      "6": {
        "start": {
          "line": 17,
          "column": 19
        },
        "end": {
          "line": 17,
          "column": 34
        }
      },
      "7": {
        "start": {
          "line": 19,
          "column": 23
        },
        "end": {
          "line": 25,
          "column": 3
        }
      },
      "8": {
        "start": {
          "line": 20,
          "column": 28
        },
        "end": {
          "line": 20,
          "column": 36
        }
      },
      "9": {
        "start": {
          "line": 21,
          "column": 4
        },
        "end": {
          "line": 24,
          "column": 7
        }
      },
      "10": {
        "start": {
          "line": 27,
          "column": 23
        },
        "end": {
          "line": 46,
          "column": 3
        }
      },
      "11": {
        "start": {
          "line": 28,
          "column": 4
        },
        "end": {
          "line": 28,
          "column": 23
        }
      },
      "12": {
        "start": {
          "line": 29,
          "column": 4
        },
        "end": {
          "line": 29,
          "column": 32
        }
      },
      "13": {
        "start": {
          "line": 30,
          "column": 4
        },
        "end": {
          "line": 45,
          "column": 5
        }
      },
      "14": {
        "start": {
          "line": 31,
          "column": 6
        },
        "end": {
          "line": 44,
          "column": 9
        }
      },
      "15": {
        "start": {
          "line": 35,
          "column": 8
        },
        "end": {
          "line": 43,
          "column": 9
        }
      },
      "16": {
        "start": {
          "line": 36,
          "column": 10
        },
        "end": {
          "line": 36,
          "column": 30
        }
      },
      "17": {
        "start": {
          "line": 37,
          "column": 10
        },
        "end": {
          "line": 37,
          "column": 46
        }
      },
      "18": {
        "start": {
          "line": 39,
          "column": 10
        },
        "end": {
          "line": 39,
          "column": 75
        }
      },
      "19": {
        "start": {
          "line": 40,
          "column": 10
        },
        "end": {
          "line": 40,
          "column": 75
        }
      },
      "20": {
        "start": {
          "line": 41,
          "column": 10
        },
        "end": {
          "line": 41,
          "column": 33
        }
      },
      "21": {
        "start": {
          "line": 42,
          "column": 10
        },
        "end": {
          "line": 42,
          "column": 32
        }
      },
      "22": {
        "start": {
          "line": 49,
          "column": 2
        },
        "end": {
          "line": 53,
          "column": 15
        }
      },
      "23": {
        "start": {
          "line": 50,
          "column": 4
        },
        "end": {
          "line": 52,
          "column": 6
        }
      },
      "24": {
        "start": {
          "line": 51,
          "column": 6
        },
        "end": {
          "line": 51,
          "column": 17
        }
      },
      "25": {
        "start": {
          "line": 55,
          "column": 2
        },
        "end": {
          "line": 55,
          "column": 71
        }
      }
    },
    "fnMap": {
      "0": {
        "name": "(anonymous_0)",
        "decl": {
          "start": {
            "line": 6,
            "column": 16
          },
          "end": {
            "line": 6,
            "column": 17
          }
        },
        "loc": {
          "start": {
            "line": 6,
            "column": 58
          },
          "end": {
            "line": 56,
            "column": 1
          }
        },
        "line": 6
      },
      "1": {
        "name": "(anonymous_1)",
        "decl": {
          "start": {
            "line": 19,
            "column": 23
          },
          "end": {
            "line": 19,
            "column": 24
          }
        },
        "loc": {
          "start": {
            "line": 19,
            "column": 30
          },
          "end": {
            "line": 25,
            "column": 3
          }
        },
        "line": 19
      },
      "2": {
        "name": "(anonymous_2)",
        "decl": {
          "start": {
            "line": 27,
            "column": 23
          },
          "end": {
            "line": 27,
            "column": 24
          }
        },
        "loc": {
          "start": {
            "line": 27,
            "column": 30
          },
          "end": {
            "line": 46,
            "column": 3
          }
        },
        "line": 27
      },
      "3": {
        "name": "(anonymous_3)",
        "decl": {
          "start": {
            "line": 34,
            "column": 14
          },
          "end": {
            "line": 34,
            "column": 15
          }
        },
        "loc": {
          "start": {
            "line": 34,
            "column": 28
          },
          "end": {
            "line": 44,
            "column": 7
          }
        },
        "line": 34
      },
      "4": {
        "name": "(anonymous_4)",
        "decl": {
          "start": {
            "line": 49,
            "column": 12
          },
          "end": {
            "line": 49,
            "column": 13
          }
        },
        "loc": {
          "start": {
            "line": 49,
            "column": 18
          },
          "end": {
            "line": 53,
            "column": 3
          }
        },
        "line": 49
      }
    },
    "branchMap": {
      "0": {
        "loc": {
          "start": {
            "line": 30,
            "column": 4
          },
          "end": {
            "line": 45,
            "column": 5
          }
        },
        "type": "if",
        "locations": [
          {
            "start": {
              "line": 30,
              "column": 4
            },
            "end": {
              "line": 45,
              "column": 5
            }
          },
          {
            "start": {
              "line": 30,
              "column": 4
            },
            "end": {
              "line": 45,
              "column": 5
            }
          }
        ],
        "line": 30
      },
      "1": {
        "loc": {
          "start": {
            "line": 30,
            "column": 8
          },
          "end": {
            "line": 30,
            "column": 102
          }
        },
        "type": "binary-expr",
        "locations": [
          {
            "start": {
              "line": 30,
              "column": 8
            },
            "end": {
              "line": 30,
              "column": 40
            }
          },
          {
            "start": {
              "line": 30,
              "column": 44
            },
            "end": {
              "line": 30,
              "column": 102
            }
          }
        ],
        "line": 30
      },
      "2": {
        "loc": {
          "start": {
            "line": 35,
            "column": 8
          },
          "end": {
            "line": 43,
            "column": 9
          }
        },
        "type": "if",
        "locations": [
          {
            "start": {
              "line": 35,
              "column": 8
            },
            "end": {
              "line": 43,
              "column": 9
            }
          },
          {
            "start": {
              "line": 35,
              "column": 8
            },
            "end": {
              "line": 43,
              "column": 9
            }
          }
        ],
        "line": 35
      },
      "3": {
        "loc": {
          "start": {
            "line": 50,
            "column": 4
          },
          "end": {
            "line": 52,
            "column": 6
          }
        },
        "type": "if",
        "locations": [
          {
            "start": {
              "line": 50,
              "column": 4
            },
            "end": {
              "line": 52,
              "column": 6
            }
          },
          {
            "start": {
              "line": 50,
              "column": 4
            },
            "end": {
              "line": 52,
              "column": 6
            }
          }
        ],
        "line": 50
      },
      "4": {
        "loc": {
          "start": {
            "line": 50,
            "column": 8
          },
          "end": {
            "line": 50,
            "column": 56
          }
        },
        "type": "binary-expr",
        "locations": [
          {
            "start": {
              "line": 50,
              "column": 8
            },
            "end": {
              "line": 50,
              "column": 40
            }
          },
          {
            "start": {
              "line": 50,
              "column": 44
            },
            "end": {
              "line": 50,
              "column": 56
            }
          }
        ],
        "line": 50
      }
    },
    "s": {
      "0": 26,
      "1": 394,
      "2": 394,
      "3": 394,
      "4": 394,
      "5": 394,
      "6": 394,
      "7": 394,
      "8": 168,
      "9": 168,
      "10": 394,
      "11": 6,
      "12": 6,
      "13": 6,
      "14": 6,
      "15": 3,
      "16": 0,
      "17": 0,
      "18": 3,
      "19": 3,
      "20": 3,
      "21": 3,
      "22": 394,
      "23": 29,
      "24": 0,
      "25": 394
    },
    "f": {
      "0": 394,
      "1": 168,
      "2": 6,
      "3": 3,
      "4": 29
    },
    "b": {
      "0": [
        6,
        0
      ],
      "1": [
        6,
        6
      ],
      "2": [
        0,
        3
      ],
      "3": [
        0,
        29
      ],
      "4": [
        29,
        29
      ]
    },
    "_coverageSchema": "1a1c01bbd47fc00a2c39e90264f33305004495a9",
    "hash": "40548e47ae065006c2c9a351c815a5cde5dc5125"
  },
  "D:\\Academics\\Aca Folders\\Semester 5\\2 Software Engineering Project\\Project\\frontend\\src\\components\\SignIn\\FormLogIn.js": {
    "path": "D:\\Academics\\Aca Folders\\Semester 5\\2 Software Engineering Project\\Project\\frontend\\src\\components\\SignIn\\FormLogIn.js",
    "statementMap": {
      "0": {
        "start": {
          "line": 10,
          "column": 72
        },
        "end": {
          "line": 14,
          "column": 3
        }
      },
      "1": {
        "start": {
          "line": 16,
          "column": 2
        },
        "end": {
          "line": 76,
          "column": 4
        }
      }
    },
    "fnMap": {
      "0": {
        "name": "FormLogIn",
        "decl": {
          "start": {
            "line": 9,
            "column": 9
          },
          "end": {
            "line": 9,
            "column": 18
          }
        },
        "loc": {
          "start": {
            "line": 9,
            "column": 26
          },
          "end": {
            "line": 77,
            "column": 1
          }
        },
        "line": 9
      }
    },
    "branchMap": {
      "0": {
        "loc": {
          "start": {
            "line": 24,
            "column": 9
          },
          "end": {
            "line": 34,
            "column": 9
          }
        },
        "type": "cond-expr",
        "locations": [
          {
            "start": {
              "line": 25,
              "column": 10
            },
            "end": {
              "line": 25,
              "column": 12
            }
          },
          {
            "start": {
              "line": 27,
              "column": 10
            },
            "end": {
              "line": 33,
              "column": 16
            }
          }
        ],
        "line": 24
      },
      "1": {
        "loc": {
          "start": {
            "line": 45,
            "column": 11
          },
          "end": {
            "line": 45,
            "column": 48
          }
        },
        "type": "binary-expr",
        "locations": [
          {
            "start": {
              "line": 45,
              "column": 11
            },
            "end": {
              "line": 45,
              "column": 23
            }
          },
          {
            "start": {
              "line": 45,
              "column": 27
            },
            "end": {
              "line": 45,
              "column": 48
            }
          }
        ],
        "line": 45
      },
      "2": {
        "loc": {
          "start": {
            "line": 57,
            "column": 11
          },
          "end": {
            "line": 57,
            "column": 54
          }
        },
        "type": "binary-expr",
        "locations": [
          {
            "start": {
              "line": 57,
              "column": 11
            },
            "end": {
              "line": 57,
              "column": 26
            }
          },
          {
            "start": {
              "line": 57,
              "column": 30
            },
            "end": {
              "line": 57,
              "column": 54
            }
          }
        ],
        "line": 57
      },
      "3": {
        "loc": {
          "start": {
            "line": 59,
            "column": 9
          },
          "end": {
            "line": 67,
            "column": 9
          }
        },
        "type": "cond-expr",
        "locations": [
          {
            "start": {
              "line": 60,
              "column": 10
            },
            "end": {
              "line": 60,
              "column": 12
            }
          },
          {
            "start": {
              "line": 62,
              "column": 10
            },
            "end": {
              "line": 66,
              "column": 16
            }
          }
        ],
        "line": 59
      }
    },
    "s": {
      "0": 397,
      "1": 394
    },
    "f": {
      "0": 397
    },
    "b": {
      "0": [
        394,
        0
      ],
      "1": [
        394,
        0
      ],
      "2": [
        394,
        0
      ],
      "3": [
        394,
        0
      ]
    },
    "_coverageSchema": "1a1c01bbd47fc00a2c39e90264f33305004495a9",
    "hash": "43b1c83d2bebb0a6b3fffb408900fc7f24c491d0"
  },
  "D:\\Academics\\Aca Folders\\Semester 5\\2 Software Engineering Project\\Project\\frontend\\src\\components\\SignIn\\FormSuccess.js": {
    "path": "D:\\Academics\\Aca Folders\\Semester 5\\2 Software Engineering Project\\Project\\frontend\\src\\components\\SignIn\\FormSuccess.js",
    "statementMap": {
      "0": {
        "start": {
          "line": 6,
          "column": 20
        },
        "end": {
          "line": 26,
          "column": 1
        }
      },
      "1": {
        "start": {
          "line": 7,
          "column": 2
        },
        "end": {
          "line": 25,
          "column": 4
        }
      }
    },
    "fnMap": {
      "0": {
        "name": "(anonymous_0)",
        "decl": {
          "start": {
            "line": 6,
            "column": 20
          },
          "end": {
            "line": 6,
            "column": 21
          }
        },
        "loc": {
          "start": {
            "line": 6,
            "column": 26
          },
          "end": {
            "line": 26,
            "column": 1
          }
        },
        "line": 6
      }
    },
    "branchMap": {},
    "s": {
      "0": 26,
      "1": 0
    },
    "f": {
      "0": 0
    },
    "b": {},
    "_coverageSchema": "1a1c01bbd47fc00a2c39e90264f33305004495a9",
    "hash": "29b28f0892487758f452a77294dd1c26455c8d8d"
  },
  "D:\\Academics\\Aca Folders\\Semester 5\\2 Software Engineering Project\\Project\\frontend\\src\\components\\SignIn\\LogIn.js": {
    "path": "D:\\Academics\\Aca Folders\\Semester 5\\2 Software Engineering Project\\Project\\frontend\\src\\components\\SignIn\\LogIn.js",
    "statementMap": {
      "0": {
        "start": {
          "line": 13,
          "column": 40
        },
        "end": {
          "line": 13,
          "column": 55
        }
      },
      "1": {
        "start": {
          "line": 16,
          "column": 4
        },
        "end": {
          "line": 16,
          "column": 33
        }
      },
      "2": {
        "start": {
          "line": 17,
          "column": 4
        },
        "end": {
          "line": 17,
          "column": 25
        }
      },
      "3": {
        "start": {
          "line": 19,
          "column": 2
        },
        "end": {
          "line": 35,
          "column": 4
        }
      }
    },
    "fnMap": {
      "0": {
        "name": "LogIn",
        "decl": {
          "start": {
            "line": 10,
            "column": 9
          },
          "end": {
            "line": 10,
            "column": 14
          }
        },
        "loc": {
          "start": {
            "line": 10,
            "column": 22
          },
          "end": {
            "line": 36,
            "column": 1
          }
        },
        "line": 10
      },
      "1": {
        "name": "submitForm",
        "decl": {
          "start": {
            "line": 15,
            "column": 11
          },
          "end": {
            "line": 15,
            "column": 21
          }
        },
        "loc": {
          "start": {
            "line": 15,
            "column": 24
          },
          "end": {
            "line": 18,
            "column": 3
          }
        },
        "line": 15
      }
    },
    "branchMap": {
      "0": {
        "loc": {
          "start": {
            "line": 27,
            "column": 9
          },
          "end": {
            "line": 31,
            "column": 9
          }
        },
        "type": "cond-expr",
        "locations": [
          {
            "start": {
              "line": 28,
              "column": 10
            },
            "end": {
              "line": 28,
              "column": 88
            }
          },
          {
            "start": {
              "line": 30,
              "column": 10
            },
            "end": {
              "line": 30,
              "column": 35
            }
          }
        ],
        "line": 27
      }
    },
    "s": {
      "0": 49,
      "1": 0,
      "2": 0,
      "3": 46
    },
    "f": {
      "0": 49,
      "1": 0
    },
    "b": {
      "0": [
        46,
        0
      ]
    },
    "_coverageSchema": "1a1c01bbd47fc00a2c39e90264f33305004495a9",
    "hash": "14b87abd8993893d12dc495c54911747652cb731"
  },
  "D:\\Academics\\Aca Folders\\Semester 5\\2 Software Engineering Project\\Project\\frontend\\src\\pages\\SignIn\\index.js": {
    "path": "D:\\Academics\\Aca Folders\\Semester 5\\2 Software Engineering Project\\Project\\frontend\\src\\pages\\SignIn\\index.js",
    "statementMap": {
      "0": {
        "start": {
          "line": 9,
          "column": 2
        },
        "end": {
          "line": 15,
          "column": 4
        }
      }
    },
    "fnMap": {
      "0": {
        "name": "SignIn",
        "decl": {
          "start": {
            "line": 7,
            "column": 9
          },
          "end": {
            "line": 7,
            "column": 15
          }
        },
        "loc": {
          "start": {
            "line": 7,
            "column": 23
          },
          "end": {
            "line": 16,
            "column": 1
          }
        },
        "line": 7
      }
    },
    "branchMap": {},
    "s": {
      "0": 49
    },
    "f": {
      "0": 49
    },
    "b": {},
    "_coverageSchema": "1a1c01bbd47fc00a2c39e90264f33305004495a9",
    "hash": "e0715ee6f4ed2bb24587ca153465151e6e5695b8"
  },
  "D:\\Academics\\Aca Folders\\Semester 5\\2 Software Engineering Project\\Project\\frontend\\src\\components\\SignUp\\validateInfo.js": {
    "path": "D:\\Academics\\Aca Folders\\Semester 5\\2 Software Engineering Project\\Project\\frontend\\src\\components\\SignUp\\validateInfo.js",
    "statementMap": {
      "0": {
        "start": {
          "line": 6,
          "column": 15
        },
        "end": {
          "line": 6,
          "column": 17
        }
      },
      "1": {
        "start": {
          "line": 8,
          "column": 2
        },
        "end": {
          "line": 12,
          "column": 3
        }
      },
      "2": {
        "start": {
          "line": 9,
          "column": 4
        },
        "end": {
          "line": 9,
          "column": 45
        }
      },
      "3": {
        "start": {
          "line": 10,
          "column": 9
        },
        "end": {
          "line": 12,
          "column": 3
        }
      },
      "4": {
        "start": {
          "line": 11,
          "column": 4
        },
        "end": {
          "line": 11,
          "column": 44
        }
      },
      "5": {
        "start": {
          "line": 14,
          "column": 2
        },
        "end": {
          "line": 18,
          "column": 3
        }
      },
      "6": {
        "start": {
          "line": 15,
          "column": 4
        },
        "end": {
          "line": 15,
          "column": 43
        }
      },
      "7": {
        "start": {
          "line": 16,
          "column": 9
        },
        "end": {
          "line": 18,
          "column": 3
        }
      },
      "8": {
        "start": {
          "line": 17,
          "column": 4
        },
        "end": {
          "line": 17,
          "column": 43
        }
      },
      "9": {
        "start": {
          "line": 20,
          "column": 2
        },
        "end": {
          "line": 24,
          "column": 3
        }
      },
      "10": {
        "start": {
          "line": 21,
          "column": 4
        },
        "end": {
          "line": 21,
          "column": 58
        }
      },
      "11": {
        "start": {
          "line": 22,
          "column": 9
        },
        "end": {
          "line": 24,
          "column": 3
        }
      },
      "12": {
        "start": {
          "line": 23,
          "column": 4
        },
        "end": {
          "line": 23,
          "column": 65
        }
      },
      "13": {
        "start": {
          "line": 26,
          "column": 2
        },
        "end": {
          "line": 30,
          "column": 3
        }
      },
      "14": {
        "start": {
          "line": 27,
          "column": 4
        },
        "end": {
          "line": 27,
          "column": 36
        }
      },
      "15": {
        "start": {
          "line": 28,
          "column": 9
        },
        "end": {
          "line": 30,
          "column": 3
        }
      },
      "16": {
        "start": {
          "line": 29,
          "column": 4
        },
        "end": {
          "line": 29,
          "column": 46
        }
      },
      "17": {
        "start": {
          "line": 32,
          "column": 2
        },
        "end": {
          "line": 42,
          "column": 3
        }
      },
      "18": {
        "start": {
          "line": 33,
          "column": 4
        },
        "end": {
          "line": 33,
          "column": 45
        }
      },
      "19": {
        "start": {
          "line": 34,
          "column": 9
        },
        "end": {
          "line": 42,
          "column": 3
        }
      },
      "20": {
        "start": {
          "line": 35,
          "column": 4
        },
        "end": {
          "line": 35,
          "column": 66
        }
      },
      "21": {
        "start": {
          "line": 37,
          "column": 7
        },
        "end": {
          "line": 42,
          "column": 3
        }
      },
      "22": {
        "start": {
          "line": 38,
          "column": 4
        },
        "end": {
          "line": 38,
          "column": 66
        }
      },
      "23": {
        "start": {
          "line": 40,
          "column": 7
        },
        "end": {
          "line": 42,
          "column": 3
        }
      },
      "24": {
        "start": {
          "line": 41,
          "column": 4
        },
        "end": {
          "line": 41,
          "column": 65
        }
      },
      "25": {
        "start": {
          "line": 51,
          "column": 2
        },
        "end": {
          "line": 55,
          "column": 3
        }
      },
      "26": {
        "start": {
          "line": 52,
          "column": 4
        },
        "end": {
          "line": 52,
          "column": 59
        }
      },
      "27": {
        "start": {
          "line": 53,
          "column": 9
        },
        "end": {
          "line": 55,
          "column": 3
        }
      },
      "28": {
        "start": {
          "line": 54,
          "column": 4
        },
        "end": {
          "line": 54,
          "column": 48
        }
      },
      "29": {
        "start": {
          "line": 57,
          "column": 2
        },
        "end": {
          "line": 57,
          "column": 16
        }
      }
    },
    "fnMap": {
      "0": {
        "name": "validateInfo",
        "decl": {
          "start": {
            "line": 5,
            "column": 24
          },
          "end": {
            "line": 5,
            "column": 36
          }
        },
        "loc": {
          "start": {
            "line": 5,
            "column": 45
          },
          "end": {
            "line": 58,
            "column": 1
          }
        },
        "line": 5
      }
    },
    "branchMap": {
      "0": {
        "loc": {
          "start": {
            "line": 8,
            "column": 2
          },
          "end": {
            "line": 12,
            "column": 3
          }
        },
        "type": "if",
        "locations": [
          {
            "start": {
              "line": 8,
              "column": 2
            },
            "end": {
              "line": 12,
              "column": 3
            }
          },
          {
            "start": {
              "line": 8,
              "column": 2
            },
            "end": {
              "line": 12,
              "column": 3
            }
          }
        ],
        "line": 8
      },
      "1": {
        "loc": {
          "start": {
            "line": 10,
            "column": 9
          },
          "end": {
            "line": 12,
            "column": 3
          }
        },
        "type": "if",
        "locations": [
          {
            "start": {
              "line": 10,
              "column": 9
            },
            "end": {
              "line": 12,
              "column": 3
            }
          },
          {
            "start": {
              "line": 10,
              "column": 9
            },
            "end": {
              "line": 12,
              "column": 3
            }
          }
        ],
        "line": 10
      },
      "2": {
        "loc": {
          "start": {
            "line": 14,
            "column": 2
          },
          "end": {
            "line": 18,
            "column": 3
          }
        },
        "type": "if",
        "locations": [
          {
            "start": {
              "line": 14,
              "column": 2
            },
            "end": {
              "line": 18,
              "column": 3
            }
          },
          {
            "start": {
              "line": 14,
              "column": 2
            },
            "end": {
              "line": 18,
              "column": 3
            }
          }
        ],
        "line": 14
      },
      "3": {
        "loc": {
          "start": {
            "line": 16,
            "column": 9
          },
          "end": {
            "line": 18,
            "column": 3
          }
        },
        "type": "if",
        "locations": [
          {
            "start": {
              "line": 16,
              "column": 9
            },
            "end": {
              "line": 18,
              "column": 3
            }
          },
          {
            "start": {
              "line": 16,
              "column": 9
            },
            "end": {
              "line": 18,
              "column": 3
            }
          }
        ],
        "line": 16
      },
      "4": {
        "loc": {
          "start": {
            "line": 20,
            "column": 2
          },
          "end": {
            "line": 24,
            "column": 3
          }
        },
        "type": "if",
        "locations": [
          {
            "start": {
              "line": 20,
              "column": 2
            },
            "end": {
              "line": 24,
              "column": 3
            }
          },
          {
            "start": {
              "line": 20,
              "column": 2
            },
            "end": {
              "line": 24,
              "column": 3
            }
          }
        ],
        "line": 20
      },
      "5": {
        "loc": {
          "start": {
            "line": 22,
            "column": 9
          },
          "end": {
            "line": 24,
            "column": 3
          }
        },
        "type": "if",
        "locations": [
          {
            "start": {
              "line": 22,
              "column": 9
            },
            "end": {
              "line": 24,
              "column": 3
            }
          },
          {
            "start": {
              "line": 22,
              "column": 9
            },
            "end": {
              "line": 24,
              "column": 3
            }
          }
        ],
        "line": 22
      },
      "6": {
        "loc": {
          "start": {
            "line": 26,
            "column": 2
          },
          "end": {
            "line": 30,
            "column": 3
          }
        },
        "type": "if",
        "locations": [
          {
            "start": {
              "line": 26,
              "column": 2
            },
            "end": {
              "line": 30,
              "column": 3
            }
          },
          {
            "start": {
              "line": 26,
              "column": 2
            },
            "end": {
              "line": 30,
              "column": 3
            }
          }
        ],
        "line": 26
      },
      "7": {
        "loc": {
          "start": {
            "line": 28,
            "column": 9
          },
          "end": {
            "line": 30,
            "column": 3
          }
        },
        "type": "if",
        "locations": [
          {
            "start": {
              "line": 28,
              "column": 9
            },
            "end": {
              "line": 30,
              "column": 3
            }
          },
          {
            "start": {
              "line": 28,
              "column": 9
            },
            "end": {
              "line": 30,
              "column": 3
            }
          }
        ],
        "line": 28
      },
      "8": {
        "loc": {
          "start": {
            "line": 32,
            "column": 2
          },
          "end": {
            "line": 42,
            "column": 3
          }
        },
        "type": "if",
        "locations": [
          {
            "start": {
              "line": 32,
              "column": 2
            },
            "end": {
              "line": 42,
              "column": 3
            }
          },
          {
            "start": {
              "line": 32,
              "column": 2
            },
            "end": {
              "line": 42,
              "column": 3
            }
          }
        ],
        "line": 32
      },
      "9": {
        "loc": {
          "start": {
            "line": 34,
            "column": 9
          },
          "end": {
            "line": 42,
            "column": 3
          }
        },
        "type": "if",
        "locations": [
          {
            "start": {
              "line": 34,
              "column": 9
            },
            "end": {
              "line": 42,
              "column": 3
            }
          },
          {
            "start": {
              "line": 34,
              "column": 9
            },
            "end": {
              "line": 42,
              "column": 3
            }
          }
        ],
        "line": 34
      },
      "10": {
        "loc": {
          "start": {
            "line": 37,
            "column": 7
          },
          "end": {
            "line": 42,
            "column": 3
          }
        },
        "type": "if",
        "locations": [
          {
            "start": {
              "line": 37,
              "column": 7
            },
            "end": {
              "line": 42,
              "column": 3
            }
          },
          {
            "start": {
              "line": 37,
              "column": 7
            },
            "end": {
              "line": 42,
              "column": 3
            }
          }
        ],
        "line": 37
      },
      "11": {
        "loc": {
          "start": {
            "line": 40,
            "column": 7
          },
          "end": {
            "line": 42,
            "column": 3
          }
        },
        "type": "if",
        "locations": [
          {
            "start": {
              "line": 40,
              "column": 7
            },
            "end": {
              "line": 42,
              "column": 3
            }
          },
          {
            "start": {
              "line": 40,
              "column": 7
            },
            "end": {
              "line": 42,
              "column": 3
            }
          }
        ],
        "line": 40
      },
      "12": {
        "loc": {
          "start": {
            "line": 51,
            "column": 2
          },
          "end": {
            "line": 55,
            "column": 3
          }
        },
        "type": "if",
        "locations": [
          {
            "start": {
              "line": 51,
              "column": 2
            },
            "end": {
              "line": 55,
              "column": 3
            }
          },
          {
            "start": {
              "line": 51,
              "column": 2
            },
            "end": {
              "line": 55,
              "column": 3
            }
          }
        ],
        "line": 51
      },
      "13": {
        "loc": {
          "start": {
            "line": 53,
            "column": 9
          },
          "end": {
            "line": 55,
            "column": 3
          }
        },
        "type": "if",
        "locations": [
          {
            "start": {
              "line": 53,
              "column": 9
            },
            "end": {
              "line": 55,
              "column": 3
            }
          },
          {
            "start": {
              "line": 53,
              "column": 9
            },
            "end": {
              "line": 55,
              "column": 3
            }
          }
        ],
        "line": 53
      }
    },
    "s": {
      "0": 4,
      "1": 4,
      "2": 0,
      "3": 4,
      "4": 0,
      "5": 4,
      "6": 0,
      "7": 4,
      "8": 0,
      "9": 4,
      "10": 0,
      "11": 4,
      "12": 0,
      "13": 4,
      "14": 0,
      "15": 4,
      "16": 0,
      "17": 4,
      "18": 0,
      "19": 4,
      "20": 0,
      "21": 4,
      "22": 0,
      "23": 4,
      "24": 0,
      "25": 4,
      "26": 0,
      "27": 4,
      "28": 0,
      "29": 4
    },
    "f": {
      "0": 4
    },
    "b": {
      "0": [
        0,
        4
      ],
      "1": [
        0,
        4
      ],
      "2": [
        0,
        4
      ],
      "3": [
        0,
        4
      ],
      "4": [
        0,
        4
      ],
      "5": [
        0,
        4
      ],
      "6": [
        0,
        4
      ],
      "7": [
        0,
        4
      ],
      "8": [
        0,
        4
      ],
      "9": [
        0,
        4
      ],
      "10": [
        0,
        4
      ],
[...]
            }
          },
          {
            "start": {
              "line": 72,
              "column": 91
            },
            "end": {
              "line": 72,
              "column": 98
            }
          }
        ],
        "line": 72
      },
      "1": {
        "loc": {
          "start": {
            "line": 89,
            "column": 46
          },
          "end": {
            "line": 89,
            "column": 89
          }
        },
        "type": "cond-expr",
        "locations": [
          {
            "start": {
              "line": 89,
              "column": 70
            },
            "end": {
              "line": 89,
              "column": 79
            }
          },
          {
            "start": {
              "line": 89,
              "column": 82
            },
            "end": {
              "line": 89,
              "column": 89
            }
          }
        ],
        "line": 89
      }
    },
    "s": {
      "0": 4,
      "1": 4,
      "2": 2,
      "3": 4
    },
    "f": {
      "0": 4,
      "1": 2
    },
    "b": {
      "0": [
        4,
        0
      ],
      "1": [
        4,
        0
      ]
    },
    "_coverageSchema": "1a1c01bbd47fc00a2c39e90264f33305004495a9",
    "hash": "7c0a981eb442ef7f5908598e4e5667db41b95477"
  },
  "D:\\Academics\\Aca Folders\\Semester 5\\2 Software Engineering Project\\Project\\frontend\\src\\pages\\Admin\\index.js": {
    "path": "D:\\Academics\\Aca Folders\\Semester 5\\2 Software Engineering Project\\Project\\frontend\\src\\pages\\Admin\\index.js",
    "statementMap": {
      "0": {
        "start": {
          "line": 6,
          "column": 2
        },
        "end": {
          "line": 14,
          "column": 4
        }
      }
    },
    "fnMap": {
      "0": {
        "name": "index",
        "decl": {
          "start": {
            "line": 5,
            "column": 24
          },
          "end": {
            "line": 5,
            "column": 29
          }
        },
        "loc": {
          "start": {
            "line": 5,
            "column": 32
          },
          "end": {
            "line": 15,
            "column": 1
          }
        },
        "line": 5
      }
    },
    "branchMap": {},
    "s": {
      "0": 4
    },
    "f": {
      "0": 4
    },
    "b": {},
    "_coverageSchema": "1a1c01bbd47fc00a2c39e90264f33305004495a9",
    "hash": "2a28610f344935f959a56436ebb6d549ac425cd7"
  },
  "D:\\Academics\\Aca Folders\\Semester 5\\2 Software Engineering Project\\Project\\frontend\\src\\components\\AboutUs\\WeAre.jsx": {
    "path": "D:\\Academics\\Aca Folders\\Semester 5\\2 Software Engineering Project\\Project\\frontend\\src\\components\\AboutUs\\WeAre.jsx",
    "statementMap": {
      "0": {
        "start": {
          "line": 22,
          "column": 18
        },
        "end": {
          "line": 37,
          "column": 3
        }
      },
      "1": {
        "start": {
          "line": 23,
          "column": 4
        },
        "end": {
          "line": 36,
          "column": 6
        }
      },
      "2": {
        "start": {
          "line": 40,
          "column": 4
        },
        "end": {
          "line": 102,
          "column": 6
        }
      }
    },
    "fnMap": {
      "0": {
        "name": "(anonymous_0)",
        "decl": {
          "start": {
            "line": 22,
            "column": 18
          },
          "end": {
            "line": 22,
            "column": 19
          }
        },
        "loc": {
          "start": {
            "line": 22,
            "column": 46
          },
          "end": {
            "line": 37,
            "column": 3
          }
        },
        "line": 22
      },
      "1": {
        "name": "SplitWithImage",
        "decl": {
          "start": {
            "line": 39,
            "column": 26
          },
          "end": {
            "line": 39,
            "column": 40
          }
        },
        "loc": {
          "start": {
            "line": 39,
            "column": 43
          },
          "end": {
            "line": 103,
            "column": 3
          }
        },
        "line": 39
      }
    },
    "branchMap": {},
    "s": {
      "0": 26,
      "1": 24,
      "2": 8
    },
    "f": {
      "0": 24,
      "1": 8
    },
    "b": {},
    "_coverageSchema": "1a1c01bbd47fc00a2c39e90264f33305004495a9",
    "hash": "f5dfc85f8b2486934a2094412460f42f66860635"
  },
  "D:\\Academics\\Aca Folders\\Semester 5\\2 Software Engineering Project\\Project\\frontend\\src\\components\\AboutUs\\WhatWeDo.js": {
    "path": "D:\\Academics\\Aca Folders\\Semester 5\\2 Software Engineering Project\\Project\\frontend\\src\\components\\AboutUs\\WhatWeDo.js",
    "statementMap": {
      "0": {
        "start": {
          "line": 12,
          "column": 28
        },
        "end": {
          "line": 12,
          "column": 33
        }
      },
      "1": {
        "start": {
          "line": 13,
          "column": 4
        },
        "end": {
          "line": 28,
          "column": 6
        }
      },
      "2": {
        "start": {
          "line": 32,
          "column": 4
        },
        "end": {
          "line": 47,
          "column": 6
        }
      }
    },
    "fnMap": {
      "0": {
        "name": "StatsCard",
        "decl": {
          "start": {
            "line": 11,
            "column": 11
          },
          "end": {
            "line": 11,
            "column": 20
          }
        },
        "loc": {
          "start": {
            "line": 11,
            "column": 28
          },
          "end": {
            "line": 29,
            "column": 3
          }
        },
        "line": 11
      },
      "1": {
        "name": "BasicStatistics",
        "decl": {
          "start": {
            "line": 31,
            "column": 26
          },
          "end": {
            "line": 31,
            "column": 41
          }
        },
        "loc": {
          "start": {
            "line": 31,
            "column": 44
          },
          "end": {
            "line": 48,
            "column": 3
          }
        },
        "line": 31
      }
    },
    "branchMap": {},
    "s": {
      "0": 0,
      "1": 0,
      "2": 0
    },
    "f": {
      "0": 0,
      "1": 0
    },
    "b": {},
    "_coverageSchema": "1a1c01bbd47fc00a2c39e90264f33305004495a9",
    "hash": "29acde01ed0c4d046e547cf2dbf4fa55795358ea"
  },
  "D:\\Academics\\Aca Folders\\Semester 5\\2 Software Engineering Project\\Project\\frontend\\src\\components\\AboutUs\\ContactUs.js": {
    "path": "D:\\Academics\\Aca Folders\\Semester 5\\2 Software Engineering Project\\Project\\frontend\\src\\components\\AboutUs\\ContactUs.js",
    "statementMap": {
      "0": {
        "start": {
          "line": 14,
          "column": 4
        },
        "end": {
          "line": 58,
          "column": 6
        }
      }
    },
    "fnMap": {
      "0": {
        "name": "ContactUsForm",
        "decl": {
          "start": {
            "line": 12,
            "column": 26
          },
          "end": {
            "line": 12,
            "column": 39
          }
        },
        "loc": {
          "start": {
            "line": 12,
            "column": 42
          },
          "end": {
            "line": 59,
            "column": 3
          }
        },
        "line": 12
      }
    },
    "branchMap": {},
    "s": {
      "0": 8
    },
    "f": {
      "0": 8
    },
    "b": {},
    "_coverageSchema": "1a1c01bbd47fc00a2c39e90264f33305004495a9",
    "hash": "196de29e95366fc24e34aca28170ae48d4d22552"
  },
  "D:\\Academics\\Aca Folders\\Semester 5\\2 Software Engineering Project\\Project\\frontend\\src\\pages\\AboutUs\\index.js": {
    "path": "D:\\Academics\\Aca Folders\\Semester 5\\2 Software Engineering Project\\Project\\frontend\\src\\pages\\AboutUs\\index.js",
    "statementMap": {
      "0": {
        "start": {
          "line": 8,
          "column": 16
        },
        "end": {
          "line": 21,
          "column": 1
        }
      },
      "1": {
        "start": {
          "line": 10,
          "column": 19
        },
        "end": {
          "line": 10,
          "column": 30
        }
      },
      "2": {
        "start": {
          "line": 12,
          "column": 4
        },
        "end": {
          "line": 20,
          "column": 7
        }
      }
    },
    "fnMap": {
      "0": {
        "name": "(anonymous_0)",
        "decl": {
          "start": {
            "line": 8,
            "column": 16
          },
          "end": {
            "line": 8,
            "column": 17
          }
        },
        "loc": {
          "start": {
            "line": 8,
            "column": 22
          },
          "end": {
            "line": 21,
            "column": 1
          }
        },
        "line": 8
      }
    },
    "branchMap": {},
    "s": {
      "0": 26,
      "1": 8,
      "2": 8
    },
    "f": {
      "0": 8
    },
    "b": {},
    "_coverageSchema": "1a1c01bbd47fc00a2c39e90264f33305004495a9",
    "hash": "775ec0db838ac87d60a1983c2f122d0afe801460"
  },
  "D:\\Academics\\Aca Folders\\Semester 5\\2 Software Engineering Project\\Project\\frontend\\src\\App.js": {
    "path": "D:\\Academics\\Aca Folders\\Semester 5\\2 Software Engineering Project\\Project\\frontend\\src\\App.js",
    "statementMap": {
      "0": {
        "start": {
          "line": 27,
          "column": 26
        },
        "end": {
          "line": 27,
          "column": 68
        }
      },
      "1": {
        "start": {
          "line": 28,
          "column": 44
        },
        "end": {
          "line": 28,
          "column": 59
        }
      },
      "2": {
        "start": {
          "line": 31,
          "column": 2
        },
        "end": {
          "line": 48,
          "column": 36
        }
      },
      "3": {
        "start": {
          "line": 36,
          "column": 4
        },
        "end": {
          "line": 46,
          "column": 5
        }
      },
      "4": {
        "start": {
          "line": 37,
          "column": 6
        },
        "end": {
          "line": 40,
          "column": 9
        }
      },
      "5": {
        "start": {
          "line": 41,
          "column": 6
        },
        "end": {
          "line": 41,
          "column": 24
        }
      },
      "6": {
        "start": {
          "line": 43,
          "column": 6
        },
        "end": {
          "line": 43,
          "column": 30
        }
      },
      "7": {
        "start": {
          "line": 45,
          "column": 6
        },
        "end": {
          "line": 45,
          "column": 48
        }
      },
      "8": {
        "start": {
          "line": 49,
          "column": 2
        },
        "end": {
          "line": 119,
          "column": 3
        }
      },
      "9": {
        "start": {
          "line": 50,
          "column": 4
        },
        "end": {
          "line": 94,
          "column": 5
        }
      },
      "10": {
        "start": {
          "line": 51,
          "column": 6
        },
        "end": {
          "line": 63,
          "column": 8
        }
      },
      "11": {
        "start": {
          "line": 65,
          "column": 6
        },
        "end": {
          "line": 93,
          "column": 8
        }
      },
      "12": {
        "start": {
          "line": 96,
          "column": 4
        },
        "end": {
          "line": 118,
          "column": 6
        }
      },
      "13": {
        "start": {
          "line": 109,
          "column": 16
        },
        "end": {
          "line": 109,
          "column": 70
        }
      }
    },
    "fnMap": {
      "0": {
        "name": "App",
        "decl": {
          "start": {
            "line": 26,
            "column": 9
          },
          "end": {
            "line": 26,
            "column": 12
          }
        },
        "loc": {
          "start": {
            "line": 26,
            "column": 15
          },
          "end": {
            "line": 120,
            "column": 1
          }
        },
        "line": 26
      },
      "1": {
        "name": "(anonymous_1)",
        "decl": {
          "start": {
            "line": 31,
            "column": 12
          },
          "end": {
            "line": 31,
            "column": 13
          }
        },
        "loc": {
          "start": {
            "line": 31,
            "column": 18
          },
          "end": {
            "line": 48,
            "column": 3
          }
        },
        "line": 31
      },
      "2": {
        "name": "(anonymous_2)",
        "decl": {
          "start": {
            "line": 108,
            "column": 25
          },
          "end": {
            "line": 108,
            "column": 26
          }
        },
        "loc": {
          "start": {
            "line": 108,
            "column": 31
          },
          "end": {
            "line": 110,
            "column": 15
          }
        },
        "line": 108
      }
    },
    "branchMap": {
      "0": {
        "loc": {
          "start": {
            "line": 36,
            "column": 4
          },
          "end": {
            "line": 46,
            "column": 5
          }
        },
        "type": "if",
        "locations": [
          {
            "start": {
              "line": 36,
              "column": 4
            },
            "end": {
              "line": 46,
              "column": 5
            }
          },
          {
            "start": {
              "line": 36,
              "column": 4
            },
            "end": {
              "line": 46,
              "column": 5
            }
          }
        ],
        "line": 36
      },
      "1": {
        "loc": {
          "start": {
            "line": 49,
            "column": 2
          },
          "end": {
            "line": 119,
            "column": 3
          }
        },
        "type": "if",
        "locations": [
          {
            "start": {
              "line": 49,
              "column": 2
            },
            "end": {
              "line": 119,
              "column": 3
            }
          },
          {
            "start": {
              "line": 49,
              "column": 2
            },
            "end": {
              "line": 119,
              "column": 3
            }
          }
        ],
        "line": 49
      },
      "2": {
        "loc": {
          "start": {
            "line": 50,
            "column": 4
          },
          "end": {
            "line": 94,
            "column": 5
          }
        },
        "type": "if",
        "locations": [
          {
            "start": {
              "line": 50,
              "column": 4
            },
            "end": {
              "line": 94,
              "column": 5
            }
          },
          {
            "start": {
              "line": 50,
              "column": 4
            },
            "end": {
              "line": 94,
              "column": 5
            }
          }
        ],
        "line": 50
      }
    },
    "s": {
      "0": 119,
      "1": 116,
      "2": 116,
      "3": 29,
      "4": 11,
      "5": 11,
      "6": 18,
      "7": 18,
      "8": 116,
      "9": 22,
      "10": 4,
      "11": 18,
      "12": 94,
      "13": 49
    },
    "f": {
      "0": 119,
      "1": 29,
      "2": 49
    },
    "b": {
      "0": [
        11,
        18
      ],
      "1": [
        22,
        94
      ],
      "2": [
        4,
        18
      ]
    },
    "_coverageSchema": "1a1c01bbd47fc00a2c39e90264f33305004495a9",
    "hash": "4c29cc77555f5b8fdc75428122cbc9d6fb58403e"
  },
  "D:\\Academics\\Aca Folders\\Semester 5\\2 Software Engineering Project\\Project\\frontend\\src\\store\\slices\\userSlice.js": {
    "path": "D:\\Academics\\Aca Folders\\Semester 5\\2 Software Engineering Project\\Project\\frontend\\src\\store\\slices\\userSlice.js",
    "statementMap": {
      "0": {
        "start": {
          "line": 3,
          "column": 25
        },
        "end": {
          "line": 18,
          "column": 2
        }
      },
      "1": {
        "start": {
          "line": 11,
          "column": 12
        },
        "end": {
          "line": 11,
          "column": 40
        }
      },
      "2": {
        "start": {
          "line": 15,
          "column": 12
        },
        "end": {
          "line": 15,
          "column": 30
        }
      },
      "3": {
        "start": {
          "line": 20,
          "column": 33
        },
        "end": {
          "line": 20,
          "column": 50
        }
      },
      "4": {
        "start": {
          "line": 23,
          "column": 26
        },
        "end": {
          "line": 23,
          "column": 52
        }
      },
      "5": {
        "start": {
          "line": 23,
          "column": 37
        },
        "end": {
          "line": 23,
          "column": 52
        }
      }
    },
    "fnMap": {
      "0": {
        "name": "(anonymous_0)",
        "decl": {
          "start": {
            "line": 10,
            "column": 15
          },
          "end": {
            "line": 10,
            "column": 16
          }
        },
        "loc": {
          "start": {
            "line": 10,
            "column": 34
          },
          "end": {
            "line": 12,
            "column": 9
          }
        },
        "line": 10
      },
      "1": {
        "name": "(anonymous_1)",
        "decl": {
          "start": {
            "line": 14,
            "column": 16
          },
          "end": {
            "line": 14,
            "column": 17
          }
        },
        "loc": {
          "start": {
            "line": 14,
            "column": 27
          },
          "end": {
            "line": 16,
            "column": 9
          }
        },
        "line": 14
      },
      "2": {
        "name": "(anonymous_2)",
        "decl": {
          "start": {
            "line": 23,
            "column": 26
          },
          "end": {
            "line": 23,
            "column": 27
          }
        },
        "loc": {
          "start": {
            "line": 23,
            "column": 37
          },
          "end": {
            "line": 23,
            "column": 52
          }
        },
        "line": 23
      }
    },
    "branchMap": {},
    "s": {
      "0": 26,
      "1": 0,
      "2": 0,
      "3": 26,
      "4": 26,
      "5": 0
    },
    "f": {
      "0": 0,
      "1": 0,
      "2": 0
    },
    "b": {},
    "_coverageSchema": "1a1c01bbd47fc00a2c39e90264f33305004495a9",
    "hash": "aa8fb438f529e90ed56693b980c28b0b320f2648"
  },
  "D:\\Academics\\Aca Folders\\Semester 5\\2 Software Engineering Project\\Project\\frontend\\src\\store\\store.js": {
    "path": "D:\\Academics\\Aca Folders\\Semester 5\\2 Software Engineering Project\\Project\\frontend\\src\\store\\store.js",
    "statementMap": {},
    "fnMap": {},
    "branchMap": {},
    "s": {},
    "f": {},
    "b": {},
    "_coverageSchema": "1a1c01bbd47fc00a2c39e90264f33305004495a9",
    "hash": "b1dd9ee05d96af1a8374cc9b5730d70dd2d066f3"
  },
  "D:\\Academics\\Aca Folders\\Semester 5\\2 Software Engineering Project\\Project\\frontend\\src\\index.js": {
    "path": "D:\\Academics\\Aca Folders\\Semester 5\\2 Software Engineering Project\\Project\\frontend\\src\\index.js",
    "statementMap": {
      "0": {
        "start": {
          "line": 10,
          "column": 0
        },
        "end": {
          "line": 17,
          "column": 2
        }
      }
    },
    "fnMap": {},
    "branchMap": {},
    "s": {
      "0": 26
    },
    "f": {},
    "b": {},
    "_coverageSchema": "1a1c01bbd47fc00a2c39e90264f33305004495a9",
    "hash": "a2f05936674663097614322751ad619e02bf1a7e"
  }
}